
Showing logs for build [32mjenkins-x-labs-bot-bdd-gh-15860-8d4gg-1[0m stage [32mfrom-build-pack[0m and container [32mstep-credential-initializer-kwfg4[0m
{"level":"warn","ts":1586005410.58013,"logger":"fallback-logger","caller":"logging/config.go:69","msg":"Fetch GitHub commit ID from kodata failed: \"ref: refs/heads/0.8.0-**-support-backwards-incompats\" is not a valid GitHub commit ID"}
{"level":"info","ts":1586005410.5806077,"logger":"fallback-logger","caller":"creds-init/main.go:40","msg":"Credentials initialized."}

Showing logs for build [32mjenkins-x-labs-bot-bdd-gh-15860-8d4gg-1[0m stage [32mfrom-build-pack[0m and container [32mstep-working-dir-initializer-hkgrc[0m
{"level":"warn","ts":1586005411.1216798,"logger":"fallback-logger","caller":"logging/config.go:69","msg":"Fetch GitHub commit ID from kodata failed: open /var/run/ko/HEAD: no such file or directory"}
{"level":"info","ts":1586005411.1229484,"logger":"fallback-logger","caller":"bash/main.go:64","msg":"Successfully executed command \"sh -c mkdir -p /workspace/source\"; output "}

Showing logs for build [32mjenkins-x-labs-bot-bdd-gh-15860-8d4gg-1[0m stage [32mfrom-build-pack[0m and container [32mstep-place-tools[0m

Showing logs for build [32mjenkins-x-labs-bot-bdd-gh-15860-8d4gg-1[0m stage [32mfrom-build-pack[0m and container [32mstep-git-source-jenkins-x-labs-bot-bdd-gh-15860-8d4gg-dnnhm[0m
{"level":"warn","ts":1586005475.233183,"logger":"fallback-logger","caller":"logging/config.go:69","msg":"Fetch GitHub commit ID from kodata failed: \"ref: refs/heads/0.8.0-**-support-backwards-incompats\" is not a valid GitHub commit ID"}
{"level":"info","ts":1586005476.2724802,"logger":"fallback-logger","caller":"git/git.go:103","msg":"Successfully cloned https://github.com/******************/bdd-gh-1586005273.git @ v0.0.1 in path /workspace/source"}

Showing logs for build [32mjenkins-x-labs-bot-bdd-gh-15860-8d4gg-1[0m stage [32mfrom-build-pack[0m and container [32mstep-git-merge[0m
Using SHAs from PULL_REFS=master:
WARNING: no SHAs to merge, falling back to initial cloned commit

Showing logs for build [32mjenkins-x-labs-bot-bdd-gh-15860-8d4gg-1[0m stage [32mfrom-build-pack[0m and container [32mstep-setup-jx-git-credentials[0m
Generated Git credentials file /workspace/xdg_config/git/credentials

Showing logs for build [32mjenkins-x-labs-bot-bdd-gh-15860-8d4gg-1[0m stage [32mfrom-build-pack[0m and container [32mstep-build-make-build[0m
CGO_ENABLED=0 GO15VENDOREXPERIMENT=1 go build -ldflags '' -o bin/bdd-gh-1586005273 main.go

Showing logs for build [32mjenkins-x-labs-bot-bdd-gh-15860-8d4gg-1[0m stage [32mfrom-build-pack[0m and container [32mstep-build-container-build[0m
ERROR: logging before flag.Parse: E0404 13:04:47.539720      11 metadata.go:241] Failed to unmarshal scopes: invalid character 'h' looking for beginning of value
[36mINFO[0m[0000] No base image, nothing to extract            
[36mINFO[0m[0000] cmd: EXPOSE                                  
[36mINFO[0m[0000] Adding exposed port: 8080/tcp                
[36mINFO[0m[0000] Using files from context: [/workspace/source/bin] 
[36mINFO[0m[0000] Skipping unpacking as no commands require it. 
[36mINFO[0m[0000] Taking snapshot of full filesystem...        
[36mINFO[0m[0000] EXPOSE 8080                                  
[36mINFO[0m[0000] cmd: EXPOSE                                  
[36mINFO[0m[0000] Adding exposed port: 8080/tcp                
[36mINFO[0m[0000] No files changed in this command, skipping snapshotting. 
[36mINFO[0m[0000] ENTRYPOINT ["/bdd-gh-1586005273"]            
[36mINFO[0m[0000] No files changed in this command, skipping snapshotting. 
[36mINFO[0m[0000] Using files from context: [/workspace/source/bin] 
[36mINFO[0m[0000] COPY ./bin/ /                                
[36mINFO[0m[0000] Taking snapshot of files...                  
2020/04/04 13:04:51 pushed blob: sha256:c963d3bced6300cdecc16f69b288dd2a854087603798ad679cfb7fdc7e385857
2020/04/04 13:04:52 pushed blob: sha256:e262799959e870d5126af381d61757e2b1d1fbf4142e7860fe8ed7eb0efe19f6
2020/04/04 13:04:53 gcr.io/jenkins-x-labs-bdd/bdd-gh-1586005273:0.0.1: digest: sha256:104811d3c9ffdb529d7f1292b23e40f6116ea0d6b70c2f417d916df249893e30 size: 428

Showing logs for build [32mjenkins-x-labs-bot-bdd-gh-15860-8d4gg-1[0m stage [32mfrom-build-pack[0m and container [32mstep-build-post-build[0m
no CVE provider running in the current ** namespace so skip adding image to be analysed

Showing logs for build [32mjenkins-x-labs-bot-bdd-gh-15860-8d4gg-1[0m stage [32mfrom-build-pack[0m and container [32mstep-promote-changelog[0m
Converted /workspace/source/charts/bdd-gh-1586005273 to an unshallow repository
Generating change log from git ref c575a949c9a26e9fa149322ae55be375e7fd217b => a3f69817189ea4b46cb1be11db0f5b506df95d99
Associating user x-0 in users.jenkins.io with email jenkins-x@googlegroups.com to git GitProvider user with login -0 as emails match
Adding label jenkins.io/git-github-userid=-0 to user x-0 in users.jenkins.io
WARNING: Failed to enrich commit 9e000fd9662bf9f679fa7867a3f26dca8b95c6b0 with issues: User.jenkins.io "x-0" is invalid: metadata.labels: Invalid value: "-0": a valid label must be an empty string or consist of alphanumeric characters, '-', '_' or '.', and must start and end with an alphanumeric character (e.g. 'MyValue',  or 'my_value',  or '12345', regex used for validation is '(([A-Za-z0-9][-A-Za-z0-9_.]*)?[A-Za-z0-9])?')
Finding issues in commit messages using git format
WARNING: No release found for ******************/bdd-gh-1586005273 and tag v0.0.1 so creating a new release
Updated the release information at https://github.com/******************/bdd-gh-1586005273/releases/tag/v0.0.1
generated: /workspace/source/charts/bdd-gh-1586005273/templates/release.yaml
Created Release bdd-gh-1586005273-0-0-1 resource in namespace **
Updating PipelineActivity ******************-bdd-gh-1586005273-master-1 with version 0.0.1
Updated PipelineActivities ******************-bdd-gh-1586005273-master-1 with release notes URL: https://github.com/******************/bdd-gh-1586005273/releases/tag/v0.0.1

Showing logs for build [32mjenkins-x-labs-bot-bdd-gh-15860-8d4gg-1[0m stage [32mfrom-build-pack[0m and container [32mstep-promote-helm-release[0m
WARNING: No $CHART_REPOSITORY defined so using the default value of: http://jenkins-x-chartmuseum:8080
Adding missing Helm repo: storage.googleapis.com https://storage.googleapis.com/chartmuseum.jenkins-x.io
Successfully added Helm repository storage.googleapis.com.
Adding missing Helm repo: jenkins-x-chartmuseum http://jenkins-x-chartmuseum:8080
Successfully added Helm repository jenkins-x-chartmuseum.
WARNING: No $CHART_REPOSITORY defined so using the default value of: http://jenkins-x-chartmuseum:8080
Uploading chart file bdd-gh-1586005273-0.0.1.tgz to http://jenkins-x-chartmuseum:8080/api/charts
Received 201 response: {"saved":true}

Showing logs for build [32mjenkins-x-labs-bot-bdd-gh-15860-8d4gg-1[0m stage [32mfrom-build-pack[0m and container [32mstep-promote-jx-promote[0m
WARNING: prow based install so skip waiting for the merge of Pull Requests to go green as currently there is an issue with gettingstatuses from the PR, see https://github.com/jenkins-x/**/issues/2410
WARNING: No $CHART_REPOSITORY defined so using the default value of: http://jenkins-x-chartmuseum:8080
Promoting app bdd-gh-1586005273 version 0.0.1 to namespace **-staging
WARNING: 
Created Pull Request: https://github.com/******************/environment-pr-63-11-bdd-boot-helm3-staging/pull/1
Added label updatebot to Pull Request https://github.com/******************/environment-pr-63-11-bdd-boot-helm3-staging/pull/1
got git provider status pending from PR https://github.com/******************/environment-pr-63-11-bdd-boot-helm3-staging/pull/1
got git provider status pending from PR https://github.com/******************/environment-pr-63-11-bdd-boot-helm3-staging/pull/1
got git provider status pending from PR https://github.com/******************/environment-pr-63-11-bdd-boot-helm3-staging/pull/1
got git provider status pending from PR https://github.com/******************/environment-pr-63-11-bdd-boot-helm3-staging/pull/1
Pull Request https://github.com/******************/environment-pr-63-11-bdd-boot-helm3-staging/pull/1 is merged at sha 5c67736b5ebf73dc6040107fe8912d28fc09f57e
Pull Request merged but we are not waiting for the update pipeline to complete!
WARNING: Could not find the service URL in namespace **-staging for names bdd-gh-1586005273, **-bdd-gh-1586005273, **-staging-bdd-gh-1586005273
