
Showing logs for build [32mjenkins-x-labs-bot-bdd-gh-15860-rkh86-1[0m stage [32mfrom-build-pack[0m and container [32mstep-credential-initializer-qfwjv[0m
{"level":"warn","ts":1586005758.715641,"logger":"fallback-logger","caller":"logging/config.go:69","msg":"Fetch GitHub commit ID from kodata failed: \"ref: refs/heads/0.8.0-**-support-backwards-incompats\" is not a valid GitHub commit ID"}
{"level":"info","ts":1586005758.7160494,"logger":"fallback-logger","caller":"creds-init/main.go:40","msg":"Credentials initialized."}

Showing logs for build [32mjenkins-x-labs-bot-bdd-gh-15860-rkh86-1[0m stage [32mfrom-build-pack[0m and container [32mstep-working-dir-initializer-6zk49[0m
{"level":"warn","ts":1586005759.4402163,"logger":"fallback-logger","caller":"logging/config.go:69","msg":"Fetch GitHub commit ID from kodata failed: open /var/run/ko/HEAD: no such file or directory"}
{"level":"info","ts":1586005759.4414437,"logger":"fallback-logger","caller":"bash/main.go:64","msg":"Successfully executed command \"sh -c mkdir -p /workspace/source\"; output "}

Showing logs for build [32mjenkins-x-labs-bot-bdd-gh-15860-rkh86-1[0m stage [32mfrom-build-pack[0m and container [32mstep-place-tools[0m

Showing logs for build [32mjenkins-x-labs-bot-bdd-gh-15860-rkh86-1[0m stage [32mfrom-build-pack[0m and container [32mstep-git-source-jenkins-x-labs-bot-bdd-gh-15860-rkh86-c4982[0m
{"level":"warn","ts":1586005765.5914788,"logger":"fallback-logger","caller":"logging/config.go:69","msg":"Fetch GitHub commit ID from kodata failed: \"ref: refs/heads/0.8.0-**-support-backwards-incompats\" is not a valid GitHub commit ID"}
{"level":"info","ts":1586005766.6608505,"logger":"fallback-logger","caller":"git/git.go:103","msg":"Successfully cloned https://github.com/******************/bdd-gh-1586005273.git @ master in path /workspace/source"}

Showing logs for build [32mjenkins-x-labs-bot-bdd-gh-15860-rkh86-1[0m stage [32mfrom-build-pack[0m and container [32mstep-git-merge[0m
Using SHAs from PULL_REFS=master:9e000fd9662bf9f679fa7867a3f26dca8b95c6b0,1:9cd1608f561a3f23ecea4fb988158e967d60d5df
DEBUG: LC_ALL=C JX_LOG_LEVEL=error git fetch origin --unshallow 9cd1608f561a3f23ecea4fb988158e967d60d5df: 9e000fd9662bf9f679fa7867a3f26dca8b95c6b0:
DEBUG: ran git fetch --unshallow origin 9cd1608f561a3f23ecea4fb988158e967d60d5df: 9e000fd9662bf9f679fa7867a3f26dca8b95c6b0: in 
DEBUG: LC_ALL=C JX_LOG_LEVEL=error git branch
DEBUG: JX_LOG_LEVEL=error LC_ALL=C git checkout master
DEBUG: ran git checkout master in 
DEBUG: LC_ALL=C JX_LOG_LEVEL=error git reset --hard 9e000fd9662bf9f679fa7867a3f26dca8b95c6b0
DEBUG: ran git reset --hard 9e000fd9662bf9f679fa7867a3f26dca8b95c6b0 in 
DEBUG: LC_ALL=C JX_LOG_LEVEL=error git clean -fd .
DEBUG: ran clean --force -d . in 
DEBUG: LC_ALL=C JX_LOG_LEVEL=error git merge 9cd1608f561a3f23ecea4fb988158e967d60d5df
DEBUG: ran git merge 9cd1608f561a3f23ecea4fb988158e967d60d5df in 
DEBUG: LC_ALL=C JX_LOG_LEVEL=error git log --format=%H%x1f%an%x1f%ae%x1f%cn%x1f%ce%x1f%s%n%b%x1e 9e000fd9662bf9f679fa7867a3f26dca8b95c6b0..HEAD
Merged SHA 9cd1608f561a3f23ecea4fb988158e967d60d5df with commit message 'My first PR commit' into base branch master

Showing logs for build [32mjenkins-x-labs-bot-bdd-gh-15860-rkh86-1[0m stage [32mfrom-build-pack[0m and container [32mstep-build-make-linux[0m
CGO_ENABLED=0 GOOS=linux GOARCH=amd64 GO15VENDOREXPERIMENT=1 go build -ldflags '' -o bin/bdd-gh-1586005273 main.go

Showing logs for build [32mjenkins-x-labs-bot-bdd-gh-15860-rkh86-1[0m stage [32mfrom-build-pack[0m and container [32mstep-build-container-build[0m
ERROR: logging before flag.Parse: E0404 13:09:33.347076      12 metadata.go:241] Failed to unmarshal scopes: invalid character 'h' looking for beginning of value
[36mINFO[0m[0000] No base image, nothing to extract            
[36mINFO[0m[0000] cmd: EXPOSE                                  
[36mINFO[0m[0000] Adding exposed port: 8080/tcp                
[36mINFO[0m[0000] Using files from context: [/workspace/source/bin] 
[36mINFO[0m[0000] Skipping unpacking as no commands require it. 
[36mINFO[0m[0000] Taking snapshot of full filesystem...        
[36mINFO[0m[0000] EXPOSE 8080                                  
[36mINFO[0m[0000] cmd: EXPOSE                                  
[36mINFO[0m[0000] Adding exposed port: 8080/tcp                
[36mINFO[0m[0000] No files changed in this command, skipping snapshotting. 
[36mINFO[0m[0000] ENTRYPOINT ["/bdd-gh-1586005273"]            
[36mINFO[0m[0000] No files changed in this command, skipping snapshotting. 
[36mINFO[0m[0000] Using files from context: [/workspace/source/bin] 
[36mINFO[0m[0000] COPY ./bin/ /                                
[36mINFO[0m[0000] Taking snapshot of files...                  
2020/04/04 13:09:37 pushed blob: sha256:72292bfd390dc78b6ba80b79d9884ba8c801589f7bc3976996dfd3c916bb84ea
2020/04/04 13:09:38 pushed blob: sha256:097c489e256679c95ebd687ddc19423b7bf47227fdc3fefc4fcaa0227750d9bc
2020/04/04 13:09:39 gcr.io/jenkins-x-labs-bdd/bdd-gh-1586005273:0.0.0-SNAPSHOT-PR-1-1: digest: sha256:7dae61ad2ec67e4312866c4fad3aa1ffcc53c7144ed835fdcf32711cc52c1768 size: 428

Showing logs for build [32mjenkins-x-labs-bot-bdd-gh-15860-rkh86-1[0m stage [32mfrom-build-pack[0m and container [32mstep-postbuild-post-build[0m
no CVE provider running in the current ** namespace so skip adding image to be analysed

Showing logs for build [32mjenkins-x-labs-bot-bdd-gh-15860-rkh86-1[0m stage [32mfrom-build-pack[0m and container [32mstep-promote-make-preview[0m
sed -i -e "s/version:.*/version: 0.0.0-SNAPSHOT-PR-1-1/" Chart.yaml
sed -i -e "s/version:.*/version: 0.0.0-SNAPSHOT-PR-1-1/" ../*/Chart.yaml
sed -i -e "s|repository:.*|repository: gcr.io\/jenkins-x-labs-bdd\/bdd-gh-1586005273|" values.yaml
sed -i -e "s/tag:.*/tag: 0.0.0-SNAPSHOT-PR-1-1/" values.yaml
echo "  version: 0.0.0-SNAPSHOT-PR-1-1" >> requirements.yaml
** step helm build
WARNING: No $CHART_REPOSITORY defined so using the default value of: http://jenkins-x-chartmuseum:8080
Adding missing Helm repo: storage.googleapis.com https://storage.googleapis.com/chartmuseum.jenkins-x.io
Successfully added Helm repository storage.googleapis.com.
Adding missing Helm repo: jenkins-x-chartmuseum http://jenkins-x-chartmuseum:8080
Successfully added Helm repository jenkins-x-chartmuseum.
WARNING: No $CHART_REPOSITORY defined so using the default value of: http://jenkins-x-chartmuseum:8080

Showing logs for build [32mjenkins-x-labs-bot-bdd-gh-15860-rkh86-1[0m stage [32mfrom-build-pack[0m and container [32mstep-promote-jx-preview[0m
Creating a preview
Created environment ******************-bdd-gh-1586005273-pr-1
Namespace **-******************-bdd-gh-1586005273-pr-1 created 
expose:
  Annotations:
    helm.sh/hook: post-install,post-upgrade
    helm.sh/hook-delete-policy: hook-succeeded
  config:
    domain: 35.233.94.126.nip.io
    exposer: Ingress
    http: "true"
preview:
  image:
    repository: gcr.io/jenkins-x-labs-bdd/bdd-gh-1586005273
    tag: 0.0.0-SNAPSHOT-PR-1-1
adding helm values file /workspace/source/charts/preview/**Requirements.values.yaml for namespace **-******************-bdd-gh-1586005273-pr-1
Updating PipelineActivities ******************-bdd-gh-1586005273-pr-1-1 which has status Running
WARNING: preview application http://bdd-gh-1586005273-**-******************-bdd-gh-1586005273-pr-1.35.233.94.126.nip.io not available, error was 503 503 Service Temporarily Unavailable, delaying for: 1.252573036s
WARNING: preview application http://bdd-gh-1586005273-**-******************-bdd-gh-1586005273-pr-1.35.233.94.126.nip.io not available, error was 503 503 Service Temporarily Unavailable, delaying for: 1.795078749s
Preview application is now available at: http://bdd-gh-1586005273-**-******************-bdd-gh-1586005273-pr-1.35.233.94.126.nip.io
